<?xml version="1.0" encoding="UTF-8"?>
<testsuite name="helloworld_tests.HelloWorldTest-20250412192629" tests="1" file="helloworld_tests.py" time="0.001" timestamp="2025-04-12T19:26:29" failures="0" errors="0" skipped="0">
	<testcase classname="helloworld_tests.HelloWorldTest" name="test_should_issue_hello_world_message" time="0.001" timestamp="2025-04-12T19:26:29"/>
</testsuite>
